Nov 18, 2016 6:21:55 AM org.apache.catalina.startup.VersionLoggerListener log
INFO: Server version:        Apache Tomcat/7.0.73
Nov 18, 2016 6:21:55 AM org.apache.catalina.startup.VersionLoggerListener log
INFO: Server built:          Nov 7 2016 21:27:23 UTC
Nov 18, 2016 6:21:55 AM org.apache.catalina.startup.VersionLoggerListener log
INFO: Server number:         7.0.73.0
Nov 18, 2016 6:21:55 AM org.apache.catalina.startup.VersionLoggerListener log
INFO: OS Name:               Linux
Nov 18, 2016 6:21:55 AM org.apache.catalina.startup.VersionLoggerListener log
INFO: OS Version:            4.8.0-27-lowlatency
Nov 18, 2016 6:21:55 AM org.apache.catalina.startup.VersionLoggerListener log
INFO: Architecture:          amd64
Nov 18, 2016 6:21:55 AM org.apache.catalina.startup.VersionLoggerListener log
INFO: Java Home:             /home/prakash/apps/jdk1.8.0_111/jre
Nov 18, 2016 6:21:55 AM org.apache.catalina.startup.VersionLoggerListener log
INFO: JVM Version:           1.8.0_111-b14
Nov 18, 2016 6:21:55 AM org.apache.catalina.startup.VersionLoggerListener log
INFO: JVM Vendor:            Oracle Corporation
Nov 18, 2016 6:21:55 AM org.apache.catalina.startup.VersionLoggerListener log
INFO: CATALINA_BASE:         /home/prakash/apps/apache-tomcat-7.0.73
Nov 18, 2016 6:21:55 AM org.apache.catalina.startup.VersionLoggerListener log
INFO: CATALINA_HOME:         /home/prakash/apps/apache-tomcat-7.0.73
Nov 18, 2016 6:21:55 AM org.apache.catalina.startup.VersionLoggerListener log
INFO: Command line argument: -Djava.util.logging.config.file=/home/prakash/apps/apache-tomcat-7.0.73/conf/logging.properties
Nov 18, 2016 6:21:55 AM org.apache.catalina.startup.VersionLoggerListener log
INFO: Command line argument: -Djava.util.logging.manager=org.apache.juli.ClassLoaderLogManager
Nov 18, 2016 6:21:55 AM org.apache.catalina.startup.VersionLoggerListener log
INFO: Command line argument: -Djdk.tls.ephemeralDHKeySize=2048
Nov 18, 2016 6:21:55 AM org.apache.catalina.startup.VersionLoggerListener log
INFO: Command line argument: -Djava.endorsed.dirs=/home/prakash/apps/apache-tomcat-7.0.73/endorsed
Nov 18, 2016 6:21:55 AM org.apache.catalina.startup.VersionLoggerListener log
INFO: Command line argument: -Dcatalina.base=/home/prakash/apps/apache-tomcat-7.0.73
Nov 18, 2016 6:21:55 AM org.apache.catalina.startup.VersionLoggerListener log
INFO: Command line argument: -Dcatalina.home=/home/prakash/apps/apache-tomcat-7.0.73
Nov 18, 2016 6:21:55 AM org.apache.catalina.startup.VersionLoggerListener log
INFO: Command line argument: -Djava.io.tmpdir=/home/prakash/apps/apache-tomcat-7.0.73/temp
Nov 18, 2016 6:21:55 AM org.apache.catalina.core.AprLifecycleListener lifecycleEvent
INFO: The APR based Apache Tomcat Native library which allows optimal performance in production environments was not found on the java.library.path: /usr/java/packages/lib/amd64:/usr/lib64:/lib64:/lib:/usr/lib
Nov 18, 2016 6:21:56 AM org.apache.coyote.AbstractProtocol init
INFO: Initializing ProtocolHandler ["http-bio-8080"]
Nov 18, 2016 6:21:56 AM org.apache.coyote.AbstractProtocol init
INFO: Initializing ProtocolHandler ["ajp-bio-8009"]
Nov 18, 2016 6:21:56 AM org.apache.catalina.startup.Catalina load
INFO: Initialization processed in 2573 ms
Nov 18, 2016 6:21:56 AM org.apache.catalina.core.StandardService startInternal
INFO: Starting service Catalina
Nov 18, 2016 6:21:56 AM org.apache.catalina.core.StandardEngine startInternal
INFO: Starting Servlet Engine: Apache Tomcat/7.0.73
Nov 18, 2016 6:21:56 AM org.apache.catalina.startup.HostConfig deployDirectory
INFO: Deploying web application directory /home/prakash/apps/apache-tomcat-7.0.73/webapps/manager
Nov 18, 2016 6:21:57 AM org.apache.catalina.startup.HostConfig deployDirectory
INFO: Deployment of web application directory /home/prakash/apps/apache-tomcat-7.0.73/webapps/manager has finished in 837 ms
Nov 18, 2016 6:21:57 AM org.apache.catalina.startup.HostConfig deployDirectory
INFO: Deploying web application directory /home/prakash/apps/apache-tomcat-7.0.73/webapps/host-manager
Nov 18, 2016 6:21:57 AM org.apache.catalina.startup.HostConfig deployDirectory
INFO: Deployment of web application directory /home/prakash/apps/apache-tomcat-7.0.73/webapps/host-manager has finished in 82 ms
Nov 18, 2016 6:21:57 AM org.apache.catalina.startup.HostConfig deployDirectory
INFO: Deploying web application directory /home/prakash/apps/apache-tomcat-7.0.73/webapps/docs
Nov 18, 2016 6:21:57 AM org.apache.catalina.startup.HostConfig deployDirectory
INFO: Deployment of web application directory /home/prakash/apps/apache-tomcat-7.0.73/webapps/docs has finished in 48 ms
Nov 18, 2016 6:21:57 AM org.apache.catalina.startup.HostConfig deployDirectory
INFO: Deploying web application directory /home/prakash/apps/apache-tomcat-7.0.73/webapps/ROOT
Nov 18, 2016 6:21:57 AM org.apache.catalina.startup.HostConfig deployDirectory
INFO: Deployment of web application directory /home/prakash/apps/apache-tomcat-7.0.73/webapps/ROOT has finished in 39 ms
Nov 18, 2016 6:21:57 AM org.apache.catalina.startup.HostConfig deployDirectory
INFO: Deploying web application directory /home/prakash/apps/apache-tomcat-7.0.73/webapps/examples
Nov 18, 2016 6:21:58 AM org.apache.catalina.startup.HostConfig deployDirectory
INFO: Deployment of web application directory /home/prakash/apps/apache-tomcat-7.0.73/webapps/examples has finished in 389 ms
Nov 18, 2016 6:21:58 AM org.apache.coyote.AbstractProtocol start
INFO: Starting ProtocolHandler ["http-bio-8080"]
Nov 18, 2016 6:21:58 AM org.apache.coyote.AbstractProtocol start
INFO: Starting ProtocolHandler ["ajp-bio-8009"]
Nov 18, 2016 6:21:58 AM org.apache.catalina.startup.Catalina start
INFO: Server startup in 1579 ms
Nov 18, 2016 6:25:18 AM org.apache.catalina.core.StandardServer await
INFO: A valid shutdown command was received via the shutdown port. Stopping the Server instance.
Nov 18, 2016 6:25:18 AM org.apache.coyote.AbstractProtocol pause
INFO: Pausing ProtocolHandler ["http-bio-8080"]
Nov 18, 2016 6:25:18 AM org.apache.coyote.AbstractProtocol pause
INFO: Pausing ProtocolHandler ["ajp-bio-8009"]
Nov 18, 2016 6:25:18 AM org.apache.catalina.core.StandardService stopInternal
INFO: Stopping service Catalina
Nov 18, 2016 6:25:18 AM org.apache.coyote.AbstractProtocol stop
INFO: Stopping ProtocolHandler ["http-bio-8080"]
Nov 18, 2016 6:25:18 AM org.apache.coyote.AbstractProtocol stop
INFO: Stopping ProtocolHandler ["ajp-bio-8009"]
Nov 18, 2016 6:25:18 AM org.apache.coyote.AbstractProtocol destroy
INFO: Destroying ProtocolHandler ["http-bio-8080"]
Nov 18, 2016 6:25:18 AM org.apache.coyote.AbstractProtocol destroy
INFO: Destroying ProtocolHandler ["ajp-bio-8009"]
Nov 18, 2016 6:25:20 AM org.apache.catalina.startup.VersionLoggerListener log
INFO: Server version:        Apache Tomcat/7.0.73
Nov 18, 2016 6:25:20 AM org.apache.catalina.startup.VersionLoggerListener log
INFO: Server built:          Nov 7 2016 21:27:23 UTC
Nov 18, 2016 6:25:20 AM org.apache.catalina.startup.VersionLoggerListener log
INFO: Server number:         7.0.73.0
Nov 18, 2016 6:25:20 AM org.apache.catalina.startup.VersionLoggerListener log
INFO: OS Name:               Linux
Nov 18, 2016 6:25:20 AM org.apache.catalina.startup.VersionLoggerListener log
INFO: OS Version:            4.8.0-27-lowlatency
Nov 18, 2016 6:25:20 AM org.apache.catalina.startup.VersionLoggerListener log
INFO: Architecture:          amd64
Nov 18, 2016 6:25:20 AM org.apache.catalina.startup.VersionLoggerListener log
INFO: Java Home:             /home/prakash/apps/jdk1.8.0_111/jre
Nov 18, 2016 6:25:20 AM org.apache.catalina.startup.VersionLoggerListener log
INFO: JVM Version:           1.8.0_111-b14
Nov 18, 2016 6:25:20 AM org.apache.catalina.startup.VersionLoggerListener log
INFO: JVM Vendor:            Oracle Corporation
Nov 18, 2016 6:25:20 AM org.apache.catalina.startup.VersionLoggerListener log
INFO: CATALINA_BASE:         /home/prakash/apps/apache-tomcat-7.0.73
Nov 18, 2016 6:25:20 AM org.apache.catalina.startup.VersionLoggerListener log
INFO: CATALINA_HOME:         /home/prakash/apps/apache-tomcat-7.0.73
Nov 18, 2016 6:25:20 AM org.apache.catalina.startup.VersionLoggerListener log
INFO: Command line argument: -Djava.util.logging.config.file=/home/prakash/apps/apache-tomcat-7.0.73/conf/logging.properties
Nov 18, 2016 6:25:20 AM org.apache.catalina.startup.VersionLoggerListener log
INFO: Command line argument: -Djava.util.logging.manager=org.apache.juli.ClassLoaderLogManager
Nov 18, 2016 6:25:20 AM org.apache.catalina.startup.VersionLoggerListener log
INFO: Command line argument: -Djdk.tls.ephemeralDHKeySize=2048
Nov 18, 2016 6:25:20 AM org.apache.catalina.startup.VersionLoggerListener log
INFO: Command line argument: -Djava.endorsed.dirs=/home/prakash/apps/apache-tomcat-7.0.73/endorsed
Nov 18, 2016 6:25:20 AM org.apache.catalina.startup.VersionLoggerListener log
INFO: Command line argument: -Dcatalina.base=/home/prakash/apps/apache-tomcat-7.0.73
Nov 18, 2016 6:25:20 AM org.apache.catalina.startup.VersionLoggerListener log
INFO: Command line argument: -Dcatalina.home=/home/prakash/apps/apache-tomcat-7.0.73
Nov 18, 2016 6:25:21 AM org.apache.catalina.startup.VersionLoggerListener log
INFO: Command line argument: -Djava.io.tmpdir=/home/prakash/apps/apache-tomcat-7.0.73/temp
Nov 18, 2016 6:25:21 AM org.apache.catalina.core.AprLifecycleListener lifecycleEvent
INFO: The APR based Apache Tomcat Native library which allows optimal performance in production environments was not found on the java.library.path: /usr/java/packages/lib/amd64:/usr/lib64:/lib64:/lib:/usr/lib
Nov 18, 2016 6:25:21 AM org.apache.coyote.AbstractProtocol init
INFO: Initializing ProtocolHandler ["http-bio-8080"]
Nov 18, 2016 6:25:21 AM org.apache.coyote.AbstractProtocol init
INFO: Initializing ProtocolHandler ["ajp-bio-8009"]
Nov 18, 2016 6:25:21 AM org.apache.catalina.startup.Catalina load
INFO: Initialization processed in 671 ms
Nov 18, 2016 6:25:21 AM org.apache.catalina.core.StandardService startInternal
INFO: Starting service Catalina
Nov 18, 2016 6:25:21 AM org.apache.catalina.core.StandardEngine startInternal
INFO: Starting Servlet Engine: Apache Tomcat/7.0.73
Nov 18, 2016 6:25:21 AM org.apache.catalina.startup.HostConfig deployDirectory
INFO: Deploying web application directory /home/prakash/apps/apache-tomcat-7.0.73/webapps/manager
Nov 18, 2016 6:25:21 AM org.apache.catalina.startup.HostConfig deployDirectory
INFO: Deployment of web application directory /home/prakash/apps/apache-tomcat-7.0.73/webapps/manager has finished in 366 ms
Nov 18, 2016 6:25:21 AM org.apache.catalina.startup.HostConfig deployDirectory
INFO: Deploying web application directory /home/prakash/apps/apache-tomcat-7.0.73/webapps/host-manager
Nov 18, 2016 6:25:21 AM org.apache.catalina.startup.HostConfig deployDirectory
INFO: Deployment of web application directory /home/prakash/apps/apache-tomcat-7.0.73/webapps/host-manager has finished in 85 ms
Nov 18, 2016 6:25:21 AM org.apache.catalina.startup.HostConfig deployDirectory
INFO: Deploying web application directory /home/prakash/apps/apache-tomcat-7.0.73/webapps/docs
Nov 18, 2016 6:25:21 AM org.apache.catalina.startup.HostConfig deployDirectory
INFO: Deployment of web application directory /home/prakash/apps/apache-tomcat-7.0.73/webapps/docs has finished in 63 ms
Nov 18, 2016 6:25:21 AM org.apache.catalina.startup.HostConfig deployDirectory
INFO: Deploying web application directory /home/prakash/apps/apache-tomcat-7.0.73/webapps/ROOT
Nov 18, 2016 6:25:21 AM org.apache.catalina.startup.HostConfig deployDirectory
INFO: Deployment of web application directory /home/prakash/apps/apache-tomcat-7.0.73/webapps/ROOT has finished in 45 ms
Nov 18, 2016 6:25:21 AM org.apache.catalina.startup.HostConfig deployDirectory
INFO: Deploying web application directory /home/prakash/apps/apache-tomcat-7.0.73/webapps/examples
Nov 18, 2016 6:25:22 AM org.apache.catalina.startup.HostConfig deployDirectory
INFO: Deployment of web application directory /home/prakash/apps/apache-tomcat-7.0.73/webapps/examples has finished in 235 ms
Nov 18, 2016 6:25:22 AM org.apache.coyote.AbstractProtocol start
INFO: Starting ProtocolHandler ["http-bio-8080"]
Nov 18, 2016 6:25:22 AM org.apache.coyote.AbstractProtocol start
INFO: Starting ProtocolHandler ["ajp-bio-8009"]
Nov 18, 2016 6:25:22 AM org.apache.catalina.startup.Catalina start
INFO: Server startup in 860 ms
Nov 18, 2016 8:12:40 AM org.apache.coyote.AbstractProtocol pause
INFO: Pausing ProtocolHandler ["http-bio-8080"]
Nov 18, 2016 8:12:40 AM org.apache.coyote.AbstractProtocol pause
INFO: Pausing ProtocolHandler ["ajp-bio-8009"]
Nov 18, 2016 8:12:40 AM org.apache.catalina.core.StandardService stopInternal
INFO: Stopping service Catalina
Nov 18, 2016 8:12:40 AM org.apache.coyote.AbstractProtocol stop
INFO: Stopping ProtocolHandler ["http-bio-8080"]
Nov 18, 2016 8:12:40 AM org.apache.coyote.AbstractProtocol stop
INFO: Stopping ProtocolHandler ["ajp-bio-8009"]
Nov 18, 2016 8:12:40 AM org.apache.coyote.AbstractProtocol destroy
INFO: Destroying ProtocolHandler ["http-bio-8080"]
Nov 18, 2016 8:12:40 AM org.apache.coyote.AbstractProtocol destroy
INFO: Destroying ProtocolHandler ["ajp-bio-8009"]
