2017-02-11 10:24:51.205 INFO  (main) [   ] o.e.j.u.log Logging initialized @338ms
2017-02-11 10:24:51.413 INFO  (main) [   ] o.e.j.s.Server jetty-9.2.11.v20150529
2017-02-11 10:24:51.431 WARN  (main) [   ] o.e.j.s.h.RequestLogHandler !RequestLog
2017-02-11 10:24:51.433 INFO  (main) [   ] o.e.j.d.p.ScanningAppProvider Deployment monitor [file:/home/prakash/apps/solr-5.3.1/server/contexts/] at interval 0
2017-02-11 10:24:51.850 INFO  (main) [   ] o.e.j.w.StandardDescriptorProcessor NO JSP Support for /solr, did not find org.apache.jasper.servlet.JspServlet
2017-02-11 10:24:51.862 WARN  (main) [   ] o.e.j.s.SecurityHandler ServletContext@o.e.j.w.WebAppContext@146ba0ac{/solr,file:/home/prakash/apps/solr-5.3.1/server/solr-webapp/webapp/,STARTING}{/home/prakash/apps/solr-5.3.1/server/solr-webapp/webapp} has uncovered http methods for path: /
2017-02-11 10:24:51.868 INFO  (main) [   ] o.a.s.s.SolrDispatchFilter SolrDispatchFilter.init(): WebAppClassLoader=239465106@e45f292
2017-02-11 10:24:51.883 INFO  (main) [   ] o.a.s.c.SolrResourceLoader JNDI not configured for solr (NoInitialContextEx)
2017-02-11 10:24:51.883 INFO  (main) [   ] o.a.s.c.SolrResourceLoader using system property solr.solr.home: /home/prakash/apps/solrhome
2017-02-11 10:24:51.886 INFO  (main) [   ] o.a.s.c.SolrResourceLoader new SolrResourceLoader for directory: '/home/prakash/apps/solrhome/'
2017-02-11 10:24:52.032 INFO  (main) [   ] o.a.s.c.SolrXmlConfig Loading container configuration from /home/prakash/apps/solrhome/solr.xml
2017-02-11 10:24:52.103 INFO  (main) [   ] o.a.s.c.CoresLocator Config-defined core root directory: /home/prakash/apps/solrhome
2017-02-11 10:24:52.125 INFO  (main) [   ] o.a.s.c.CoreContainer New CoreContainer 1165303897
2017-02-11 10:24:52.125 INFO  (main) [   ] o.a.s.c.CoreContainer Loading cores into CoreContainer [instanceDir=/home/prakash/apps/solrhome/]
2017-02-11 10:24:52.126 INFO  (main) [   ] o.a.s.c.CoreContainer loading shared library: /home/prakash/apps/solrhome/lib
2017-02-11 10:24:52.126 WARN  (main) [   ] o.a.s.c.SolrResourceLoader Can't find (or read) directory to add to classloader: lib (resolved as: /home/prakash/apps/solrhome/lib).
2017-02-11 10:24:52.144 INFO  (main) [   ] o.a.s.h.c.HttpShardHandlerFactory created with socketTimeout : 600000,connTimeout : 60000,maxConnectionsPerHost : 20,maxConnections : 10000,corePoolSize : 0,maximumPoolSize : 2147483647,maxThreadIdleTime : 5,sizeOfQueue : -1,fairnessPolicy : false,useRetries : false,
2017-02-11 10:24:52.327 INFO  (main) [   ] o.a.s.u.UpdateShardHandler Creating UpdateShardHandler HTTP client with params: socketTimeout=600000&connTimeout=60000&retry=true
2017-02-11 10:24:52.331 INFO  (main) [   ] o.a.s.l.LogWatcher SLF4J impl is org.slf4j.impl.Log4jLoggerFactory
2017-02-11 10:24:52.333 INFO  (main) [   ] o.a.s.l.LogWatcher Registering Log Listener [Log4j (org.slf4j.impl.Log4jLoggerFactory)]
2017-02-11 10:24:52.335 INFO  (main) [   ] o.a.s.c.CoreContainer Security conf doesn't exist. Skipping setup for authorization module.
2017-02-11 10:24:52.335 INFO  (main) [   ] o.a.s.c.CoreContainer No authentication plugin used.
2017-02-11 10:24:52.361 INFO  (main) [   ] o.a.s.c.CoresLocator Looking for core definitions underneath /home/prakash/apps/solrhome
2017-02-11 10:24:52.381 INFO  (main) [   ] o.a.s.c.SolrCore Created CoreDescriptor: {--><!--=The contents of this file will be loaded for each web application -->, dataDir=data/, contributor=license agreements.  See the NOTICE file distributed with, </Context>=, this=work for additional information regarding copyright ownership., url="jdbc:mysql://localhost:3306/sptools_event"/>, <Valve=className="org.apache.catalina.valves.CometConnectionManagerValve" />, testOnBorrow="true", transient=false, <Context>=, maxPoolSize="6", <WatchedResource>WEB-INF/web.xml</WatchedResource>=, http=//www.apache.org/licenses/LICENSE-2.0, The=ASF licenses this file to You under the Apache License, Version 2.0, name=primary, removeAbandonedTimeout="60", initialSize="1", auth="Container", jdbcInterceptors="org.apache.tomcat.jdbc.pool.interceptor.ConnectionState;org.apache.tomcat.jdbc.pool.interceptor.StatementFinalizer", See=the License for the specific language governing permissions and, limitations=under the License., validationQuery="SELECT 1", timeBetweenEvictionRunsMillis="30000", minIdle="1", loadOnStartup=true, -->=, configSetProperties=configsetprops.json, Licensed=to the Apache Software Foundation (ASF) under one or more, factory="org.apache.tomcat.jdbc.pool.DataSourceFactory", driverClassName="com.mysql.jdbc.Driver", <Manager=pathname="" />, the=License.  You may obtain a copy of the License at, minPoolSize="1" , maxIdle="2", minEvictableIdleTimeMillis="30000", on=session expiration as well as webapp lifecycle) -->, password="admin", username="sptools", <!--=These resources can also be put in Tomcat's server.xml inside of the <GlobalNamingResources> tag -->, schema=schema.xml, maxActive="4", <Resource=name="jdbc/event", Unless=required by applicable law or agreed to in writing, software, WITHOUT=WARRANTIES OR CONDITIONS OF ANY KIND, either express or implied., testWhileIdle="true", config=solrconfig.xml, arguments=that are passed in via command line will get 'real' values -->, absoluteInstDir=/home/prakash/apps/solrhome/primary/, for=how these resources get used -->, testOnReturn="false", distributed=under the License is distributed on an "AS IS" BASIS,, instanceDir=/home/prakash/apps/solrhome/primary, <?xml=version="1.0" encoding="UTF-8"?>, logAbandoned="true", removeAbandoned="false", (the="License"); you may not use this file except in compliance with, type="javax.sql.DataSource"}
2017-02-11 10:24:52.382 INFO  (main) [   ] o.a.s.c.CoresLocator Found core primary in /home/prakash/apps/solrhome/primary/
2017-02-11 10:24:52.382 INFO  (main) [   ] o.a.s.c.SolrCore Created CoreDescriptor: {name=reindex, config=solrconfig.xml, transient=false, schema=schema.xml, loadOnStartup=true, configSetProperties=configsetprops.json, instanceDir=/home/prakash/apps/solrhome/reindex, absoluteInstDir=/home/prakash/apps/solrhome/reindex/, dataDir=data/}
2017-02-11 10:24:52.382 INFO  (main) [   ] o.a.s.c.CoresLocator Found core reindex in /home/prakash/apps/solrhome/reindex/
2017-02-11 10:24:52.382 INFO  (main) [   ] o.a.s.c.CoresLocator Found 2 core definitions
2017-02-11 10:24:52.386 INFO  (coreLoadExecutor-6-thread-1) [   ] o.a.s.c.SolrResourceLoader new SolrResourceLoader for directory: '/home/prakash/apps/solrhome/primary/'
2017-02-11 10:24:52.386 INFO  (coreLoadExecutor-6-thread-2) [   ] o.a.s.c.SolrResourceLoader new SolrResourceLoader for directory: '/home/prakash/apps/solrhome/reindex/'
2017-02-11 10:24:52.386 INFO  (main) [   ] o.a.s.s.SolrDispatchFilter user.dir=/home/prakash/apps/solr-5.3.1/server
2017-02-11 10:24:52.386 INFO  (main) [   ] o.a.s.s.SolrDispatchFilter SolrDispatchFilter.init() done
2017-02-11 10:24:52.454 INFO  (main) [   ] o.e.j.s.h.ContextHandler Started o.e.j.w.WebAppContext@146ba0ac{/solr,file:/home/prakash/apps/solr-5.3.1/server/solr-webapp/webapp/,AVAILABLE}{/home/prakash/apps/solr-5.3.1/server/solr-webapp/webapp}
2017-02-11 10:24:52.469 INFO  (main) [   ] o.e.j.s.ServerConnector Started ServerConnector@4b9edc66{HTTP/1.1}{0.0.0.0:8983}
2017-02-11 10:24:52.470 INFO  (main) [   ] o.e.j.s.Server Started @1604ms
2017-02-11 10:24:52.490 INFO  (coreLoadExecutor-6-thread-1) [   ] o.a.s.c.SolrConfig current version of requestparams : -1
2017-02-11 10:24:52.494 INFO  (coreLoadExecutor-6-thread-2) [   ] o.a.s.c.SolrConfig current version of requestparams : -1
2017-02-11 10:24:52.540 INFO  (coreLoadExecutor-6-thread-1) [   ] o.a.s.c.SolrConfig Using Lucene MatchVersion: 4.10.3
2017-02-11 10:24:52.540 INFO  (coreLoadExecutor-6-thread-2) [   ] o.a.s.c.SolrConfig Using Lucene MatchVersion: 4.10.3
2017-02-11 10:24:52.664 INFO  (coreLoadExecutor-6-thread-1) [   ] o.a.s.c.Config Loaded SolrConfig: solrconfig.xml
2017-02-11 10:24:52.668 INFO  (coreLoadExecutor-6-thread-2) [   ] o.a.s.c.Config Loaded SolrConfig: solrconfig.xml
2017-02-11 10:24:52.683 INFO  (coreLoadExecutor-6-thread-1) [   ] o.a.s.s.IndexSchema Reading Solr Schema from /home/prakash/apps/solrhome/primary/conf/schema.xml
2017-02-11 10:24:52.683 INFO  (coreLoadExecutor-6-thread-2) [   ] o.a.s.s.IndexSchema Reading Solr Schema from /home/prakash/apps/solrhome/reindex/conf/schema.xml
2017-02-11 10:24:52.713 INFO  (coreLoadExecutor-6-thread-1) [   ] o.a.s.s.IndexSchema [primary] Schema name=example
2017-02-11 10:24:52.724 INFO  (coreLoadExecutor-6-thread-2) [   ] o.a.s.s.IndexSchema [reindex] Schema name=example
2017-02-11 10:24:52.842 INFO  (coreLoadExecutor-6-thread-1) [   ] o.a.s.s.IndexSchema unique key field: id
2017-02-11 10:24:52.845 INFO  (coreLoadExecutor-6-thread-2) [   ] o.a.s.s.IndexSchema unique key field: id
2017-02-11 10:24:52.845 INFO  (coreLoadExecutor-6-thread-1) [   ] o.a.s.c.ConfigSetProperties Did not find ConfigSet properties, assuming default properties: Can't find resource 'configsetprops.json' in classpath or '/home/prakash/apps/solrhome/primary/conf'
2017-02-11 10:24:52.847 INFO  (coreLoadExecutor-6-thread-1) [   ] o.a.s.c.CoreContainer Creating SolrCore 'primary' using configuration from instancedir /home/prakash/apps/solrhome/primary/
2017-02-11 10:24:52.848 INFO  (coreLoadExecutor-6-thread-1) [   x:primary] o.a.s.c.SolrCore solr.StandardDirectoryFactory
2017-02-11 10:24:52.849 INFO  (coreLoadExecutor-6-thread-2) [   ] o.a.s.c.ConfigSetProperties Did not find ConfigSet properties, assuming default properties: Can't find resource 'configsetprops.json' in classpath or '/home/prakash/apps/solrhome/reindex/conf'
2017-02-11 10:24:52.849 INFO  (coreLoadExecutor-6-thread-2) [   ] o.a.s.c.CoreContainer Creating SolrCore 'reindex' using configuration from instancedir /home/prakash/apps/solrhome/reindex/
2017-02-11 10:24:52.852 INFO  (coreLoadExecutor-6-thread-2) [   x:reindex] o.a.s.c.SolrCore solr.StandardDirectoryFactory
2017-02-11 10:24:52.868 INFO  (coreLoadExecutor-6-thread-2) [   x:reindex] o.a.s.c.SolrCore [[reindex] ] Opening new SolrCore at [/home/prakash/apps/solrhome/reindex/], dataDir=[null]
2017-02-11 10:24:52.868 INFO  (coreLoadExecutor-6-thread-1) [   x:primary] o.a.s.c.SolrCore [[primary] ] Opening new SolrCore at [/home/prakash/apps/solrhome/primary/], dataDir=[null]
2017-02-11 10:24:52.868 INFO  (coreLoadExecutor-6-thread-2) [   x:reindex] o.a.s.c.SolrCore JMX monitoring not detected for core: reindex
2017-02-11 10:24:52.868 INFO  (coreLoadExecutor-6-thread-1) [   x:primary] o.a.s.c.SolrCore JMX monitoring not detected for core: primary
2017-02-11 10:24:52.872 INFO  (coreLoadExecutor-6-thread-1) [   x:primary] o.a.s.c.SolrCore [[primary] ] Added SolrEventListener for newSearcher: [org.apache.solr.core.QuerySenderListener{}]
2017-02-11 10:24:52.872 INFO  (coreLoadExecutor-6-thread-2) [   x:reindex] o.a.s.c.SolrCore [[reindex] ] Added SolrEventListener for newSearcher: [org.apache.solr.core.QuerySenderListener{}]
2017-02-11 10:24:52.873 INFO  (coreLoadExecutor-6-thread-1) [   x:primary] o.a.s.c.SolrCore [[primary] ] Added SolrEventListener for firstSearcher: [org.apache.solr.core.QuerySenderListener{queries=[{q=static firstSearcher warming in solrconfig.xml}]}]
2017-02-11 10:24:52.873 INFO  (coreLoadExecutor-6-thread-2) [   x:reindex] o.a.s.c.SolrCore [[reindex] ] Added SolrEventListener for firstSearcher: [org.apache.solr.core.QuerySenderListener{queries=[{q=static firstSearcher warming in solrconfig.xml}]}]
2017-02-11 10:24:52.882 INFO  (coreLoadExecutor-6-thread-1) [   x:primary] o.a.s.c.CachingDirectoryFactory return new directory for /home/prakash/apps/solrhome/primary/data
2017-02-11 10:24:52.884 INFO  (coreLoadExecutor-6-thread-2) [   x:reindex] o.a.s.c.CachingDirectoryFactory return new directory for /home/prakash/apps/solrhome/reindex/data
2017-02-11 10:24:52.891 INFO  (coreLoadExecutor-6-thread-2) [   x:reindex] o.a.s.c.SolrCore New index directory detected: old=null new=/home/prakash/apps/solrhome/reindex/data/index/
2017-02-11 10:24:52.891 INFO  (coreLoadExecutor-6-thread-1) [   x:primary] o.a.s.c.SolrCore New index directory detected: old=null new=/home/prakash/apps/solrhome/primary/data/index/
2017-02-11 10:24:52.891 WARN  (coreLoadExecutor-6-thread-2) [   x:reindex] o.a.s.c.SolrCore [reindex] Solr index directory '/home/prakash/apps/solrhome/reindex/data/index' doesn't exist. Creating new index...
2017-02-11 10:24:52.891 WARN  (coreLoadExecutor-6-thread-1) [   x:primary] o.a.s.c.SolrCore [primary] Solr index directory '/home/prakash/apps/solrhome/primary/data/index' doesn't exist. Creating new index...
2017-02-11 10:24:52.903 INFO  (coreLoadExecutor-6-thread-2) [   x:reindex] o.a.s.c.CachingDirectoryFactory return new directory for /home/prakash/apps/solrhome/reindex/data/index
2017-02-11 10:24:52.903 INFO  (coreLoadExecutor-6-thread-1) [   x:primary] o.a.s.c.CachingDirectoryFactory return new directory for /home/prakash/apps/solrhome/primary/data/index
2017-02-11 10:24:53.075 INFO  (coreLoadExecutor-6-thread-2) [   x:reindex] o.a.s.c.SolrCore SolrDeletionPolicy.onCommit: commits: num=1
	commit{dir=/home/prakash/apps/solrhome/reindex/data/index,segFN=segments_1,generation=1}
2017-02-11 10:24:53.075 INFO  (coreLoadExecutor-6-thread-2) [   x:reindex] o.a.s.c.SolrCore newest commit generation = 1
2017-02-11 10:24:53.076 INFO  (OldIndexDirectoryCleanupThreadForCore-reindex) [   x:reindex] o.a.s.c.SolrCore Looking for old index directories to cleanup for core reindex in /home/prakash/apps/solrhome/reindex/data/
2017-02-11 10:24:53.129 INFO  (coreLoadExecutor-6-thread-1) [   x:primary] o.a.s.c.SolrCore SolrDeletionPolicy.onCommit: commits: num=1
	commit{dir=/home/prakash/apps/solrhome/primary/data/index,segFN=segments_1,generation=1}
2017-02-11 10:24:53.129 INFO  (coreLoadExecutor-6-thread-1) [   x:primary] o.a.s.c.SolrCore newest commit generation = 1
2017-02-11 10:24:53.130 INFO  (OldIndexDirectoryCleanupThreadForCore-primary) [   x:primary] o.a.s.c.SolrCore Looking for old index directories to cleanup for core primary in /home/prakash/apps/solrhome/primary/data/
2017-02-11 10:24:53.317 INFO  (coreLoadExecutor-6-thread-2) [   x:reindex] o.a.s.c.SolrCore no updateRequestProcessorChain defined as default, creating implicit default
2017-02-11 10:24:53.317 INFO  (coreLoadExecutor-6-thread-1) [   x:primary] o.a.s.c.SolrCore no updateRequestProcessorChain defined as default, creating implicit default
2017-02-11 10:24:53.383 INFO  (coreLoadExecutor-6-thread-2) [   x:reindex] o.a.s.h.l.XMLLoader xsltCacheLifetimeSeconds=60
2017-02-11 10:24:53.383 INFO  (coreLoadExecutor-6-thread-1) [   x:primary] o.a.s.h.l.XMLLoader xsltCacheLifetimeSeconds=60
2017-02-11 10:24:53.386 INFO  (coreLoadExecutor-6-thread-1) [   x:primary] o.a.s.h.l.XMLLoader xsltCacheLifetimeSeconds=60
2017-02-11 10:24:53.386 INFO  (coreLoadExecutor-6-thread-2) [   x:reindex] o.a.s.h.l.XMLLoader xsltCacheLifetimeSeconds=60
2017-02-11 10:24:53.386 INFO  (coreLoadExecutor-6-thread-2) [   x:reindex] o.a.s.h.l.XMLLoader xsltCacheLifetimeSeconds=60
2017-02-11 10:24:53.387 INFO  (coreLoadExecutor-6-thread-1) [   x:primary] o.a.s.h.l.XMLLoader xsltCacheLifetimeSeconds=60
2017-02-11 10:24:53.387 INFO  (coreLoadExecutor-6-thread-2) [   x:reindex] o.a.s.h.l.XMLLoader xsltCacheLifetimeSeconds=60
2017-02-11 10:24:53.387 INFO  (coreLoadExecutor-6-thread-1) [   x:primary] o.a.s.h.l.XMLLoader xsltCacheLifetimeSeconds=60
2017-02-11 10:24:53.454 INFO  (coreLoadExecutor-6-thread-1) [   x:primary] o.a.s.c.RequestHandlers Registered paths: /admin/mbeans,/update/csv,/update/json/docs,/admin/luke,/select,/admin/segments,/get,/admin/system,/replication,/admin/properties,/config,/schema,/admin/plugins,/admin/logging,/update/json,/admin/threads,/admin/ping,/update,/admin/file
2017-02-11 10:24:53.454 INFO  (coreLoadExecutor-6-thread-2) [   x:reindex] o.a.s.c.RequestHandlers Registered paths: /admin/mbeans,/update/csv,/update/json/docs,/admin/luke,/select,/admin/segments,/get,/admin/system,/replication,/admin/properties,/config,/schema,/admin/plugins,/admin/logging,/update/json,/admin/threads,/admin/ping,/update,/admin/file
2017-02-11 10:24:53.455 INFO  (coreLoadExecutor-6-thread-1) [   x:primary] o.a.s.c.SolrCore Using default statsCache cache: org.apache.solr.search.stats.LocalStatsCache
2017-02-11 10:24:53.455 INFO  (coreLoadExecutor-6-thread-2) [   x:reindex] o.a.s.c.SolrCore Using default statsCache cache: org.apache.solr.search.stats.LocalStatsCache
2017-02-11 10:24:53.464 INFO  (coreLoadExecutor-6-thread-1) [   x:primary] o.a.s.c.SolrCore Hard AutoCommit: disabled
2017-02-11 10:24:53.464 INFO  (coreLoadExecutor-6-thread-2) [   x:reindex] o.a.s.c.SolrCore Hard AutoCommit: disabled
2017-02-11 10:24:53.464 INFO  (coreLoadExecutor-6-thread-1) [   x:primary] o.a.s.c.SolrCore Soft AutoCommit: disabled
2017-02-11 10:24:53.464 INFO  (coreLoadExecutor-6-thread-2) [   x:reindex] o.a.s.c.SolrCore Soft AutoCommit: disabled
2017-02-11 10:24:53.472 INFO  (coreLoadExecutor-6-thread-1) [   x:primary] o.a.s.c.SolrCore SolrDeletionPolicy.onInit: commits: num=1
	commit{dir=/home/prakash/apps/solrhome/primary/data/index,segFN=segments_1,generation=1}
2017-02-11 10:24:53.472 INFO  (coreLoadExecutor-6-thread-2) [   x:reindex] o.a.s.c.SolrCore SolrDeletionPolicy.onInit: commits: num=1
	commit{dir=/home/prakash/apps/solrhome/reindex/data/index,segFN=segments_1,generation=1}
2017-02-11 10:24:53.472 INFO  (coreLoadExecutor-6-thread-1) [   x:primary] o.a.s.c.SolrCore newest commit generation = 1
2017-02-11 10:24:53.472 INFO  (coreLoadExecutor-6-thread-2) [   x:reindex] o.a.s.c.SolrCore newest commit generation = 1
2017-02-11 10:24:53.483 INFO  (coreLoadExecutor-6-thread-1) [   x:primary] o.a.s.s.SolrIndexSearcher Opening Searcher@2f4a87a[primary] main
2017-02-11 10:24:53.483 INFO  (coreLoadExecutor-6-thread-2) [   x:reindex] o.a.s.s.SolrIndexSearcher Opening Searcher@6b97970c[reindex] main
2017-02-11 10:24:53.498 INFO  (coreLoadExecutor-6-thread-2) [   x:reindex] o.a.s.r.ManagedResourceStorage File-based storage initialized to use dir: /home/prakash/apps/solrhome/reindex/conf
2017-02-11 10:24:53.498 INFO  (coreLoadExecutor-6-thread-1) [   x:primary] o.a.s.r.ManagedResourceStorage File-based storage initialized to use dir: /home/prakash/apps/solrhome/primary/conf
2017-02-11 10:24:53.498 INFO  (coreLoadExecutor-6-thread-1) [   x:primary] o.a.s.r.RestManager Initializing RestManager with initArgs: {storageDir=/home/prakash/apps/solrhome/primary/conf}
2017-02-11 10:24:53.498 INFO  (coreLoadExecutor-6-thread-2) [   x:reindex] o.a.s.r.RestManager Initializing RestManager with initArgs: {storageDir=/home/prakash/apps/solrhome/reindex/conf}
2017-02-11 10:24:53.509 INFO  (coreLoadExecutor-6-thread-1) [   x:primary] o.a.s.r.ManagedResourceStorage Reading _rest_managed.json using file:dir=/home/prakash/apps/solrhome/primary/conf
2017-02-11 10:24:53.509 INFO  (coreLoadExecutor-6-thread-2) [   x:reindex] o.a.s.r.ManagedResourceStorage Reading _rest_managed.json using file:dir=/home/prakash/apps/solrhome/reindex/conf
2017-02-11 10:24:53.509 INFO  (coreLoadExecutor-6-thread-2) [   x:reindex] o.a.s.r.RestManager Initializing 0 registered ManagedResources
2017-02-11 10:24:53.509 INFO  (coreLoadExecutor-6-thread-1) [   x:primary] o.a.s.r.RestManager Initializing 0 registered ManagedResources
2017-02-11 10:24:53.527 INFO  (coreLoadExecutor-6-thread-2) [   x:reindex] o.a.s.h.ReplicationHandler Commits will be reserved for  10000
2017-02-11 10:24:53.527 INFO  (coreLoadExecutor-6-thread-1) [   x:primary] o.a.s.h.ReplicationHandler Commits will be reserved for  10000
2017-02-11 10:24:53.528 INFO  (searcherExecutor-7-thread-1-processing-x:primary) [   x:primary] o.a.s.c.SolrCore QuerySenderListener sending requests to Searcher@2f4a87a[primary] main{ExitableDirectoryReader(UninvertingDirectoryReader())}
2017-02-11 10:24:53.528 INFO  (searcherExecutor-8-thread-1-processing-x:reindex) [   x:reindex] o.a.s.c.SolrCore QuerySenderListener sending requests to Searcher@6b97970c[reindex] main{ExitableDirectoryReader(UninvertingDirectoryReader())}
2017-02-11 10:24:53.529 INFO  (coreLoadExecutor-6-thread-2) [   x:reindex] o.a.s.c.CoreContainer registering core: reindex
2017-02-11 10:24:53.529 INFO  (coreLoadExecutor-6-thread-1) [   x:primary] o.a.s.c.CoreContainer registering core: primary
2017-02-11 10:24:53.618 INFO  (searcherExecutor-8-thread-1-processing-x:reindex) [   x:reindex] o.a.s.c.S.Request [reindex] webapp=null path=null params={q=static+firstSearcher+warming+in+solrconfig.xml&distrib=false&event=firstSearcher} hits=0 status=0 QTime=81 
2017-02-11 10:24:53.618 INFO  (searcherExecutor-7-thread-1-processing-x:primary) [   x:primary] o.a.s.c.S.Request [primary] webapp=null path=null params={q=static+firstSearcher+warming+in+solrconfig.xml&distrib=false&event=firstSearcher} hits=0 status=0 QTime=81 
2017-02-11 10:24:53.619 INFO  (searcherExecutor-7-thread-1-processing-x:primary) [   x:primary] o.a.s.c.SolrCore QuerySenderListener done.
2017-02-11 10:24:53.619 INFO  (searcherExecutor-8-thread-1-processing-x:reindex) [   x:reindex] o.a.s.c.SolrCore QuerySenderListener done.
2017-02-11 10:24:53.619 INFO  (searcherExecutor-7-thread-1-processing-x:primary) [   x:primary] o.a.s.c.SolrCore [primary] Registered new searcher Searcher@2f4a87a[primary] main{ExitableDirectoryReader(UninvertingDirectoryReader())}
2017-02-11 10:24:53.619 INFO  (searcherExecutor-8-thread-1-processing-x:reindex) [   x:reindex] o.a.s.c.SolrCore [reindex] Registered new searcher Searcher@6b97970c[reindex] main{ExitableDirectoryReader(UninvertingDirectoryReader())}
2017-02-11 10:24:59.931 INFO  (qtp434176574-15) [   ] o.a.s.s.SolrDispatchFilter [admin] webapp=null path=/admin/cores params={indexInfo=false&wt=json&_=1486808699826} status=0 QTime=2 
2017-02-11 10:28:41.980 INFO  (qtp434176574-13) [   ] o.a.s.s.SolrDispatchFilter [admin] webapp=null path=/admin/cores params={indexInfo=false&wt=json&_=1486808921977} status=0 QTime=0 
2017-02-11 10:28:42.048 INFO  (qtp434176574-18) [   ] o.a.s.s.SolrDispatchFilter [admin] webapp=null path=/admin/info/system params={wt=json&_=1486808922024} status=0 QTime=22 
2017-02-11 10:28:42.065 INFO  (qtp434176574-19) [   ] o.a.s.s.SolrDispatchFilter [admin] webapp=null path=/admin/info/logging params={wt=json&since=0&_=1486808922060} status=0 QTime=4 
2017-02-11 10:28:52.075 INFO  (qtp434176574-15) [   ] o.a.s.s.SolrDispatchFilter [admin] webapp=null path=/admin/info/logging params={wt=json&since=1486808692891&_=1486808932072} status=0 QTime=0 
2017-02-11 10:29:02.082 INFO  (qtp434176574-13) [   ] o.a.s.s.SolrDispatchFilter [admin] webapp=null path=/admin/info/logging params={wt=json&since=1486808692891&_=1486808942079} status=0 QTime=0 
2017-02-11 10:29:12.089 INFO  (qtp434176574-16) [   ] o.a.s.s.SolrDispatchFilter [admin] webapp=null path=/admin/info/logging params={wt=json&since=1486808692891&_=1486808952086} status=0 QTime=0 
2017-02-11 10:29:22.099 INFO  (qtp434176574-14) [   ] o.a.s.s.SolrDispatchFilter [admin] webapp=null path=/admin/info/logging params={wt=json&since=1486808692891&_=1486808962096} status=0 QTime=0 
2017-02-11 10:29:32.106 INFO  (qtp434176574-18) [   ] o.a.s.s.SolrDispatchFilter [admin] webapp=null path=/admin/info/logging params={wt=json&since=1486808692891&_=1486808972103} status=0 QTime=0 
2017-02-11 10:29:42.116 INFO  (qtp434176574-15) [   ] o.a.s.s.SolrDispatchFilter [admin] webapp=null path=/admin/info/logging params={wt=json&since=1486808692891&_=1486808982114} status=0 QTime=0 
2017-02-11 10:29:52.124 INFO  (qtp434176574-13) [   ] o.a.s.s.SolrDispatchFilter [admin] webapp=null path=/admin/info/logging params={wt=json&since=1486808692891&_=1486808992121} status=0 QTime=0 
2017-02-11 10:30:02.132 INFO  (qtp434176574-16) [   ] o.a.s.s.SolrDispatchFilter [admin] webapp=null path=/admin/info/logging params={wt=json&since=1486808692891&_=1486809002129} status=0 QTime=0 
2017-02-11 10:30:12.143 INFO  (qtp434176574-14) [   ] o.a.s.s.SolrDispatchFilter [admin] webapp=null path=/admin/info/logging params={wt=json&since=1486808692891&_=1486809012139} status=0 QTime=0 
2017-02-11 10:30:19.235 INFO  (qtp434176574-18) [   ] o.a.s.s.SolrDispatchFilter [admin] webapp=null path=/admin/info/threads params={wt=json&_=1486809019142} status=0 QTime=91 
2017-02-11 10:30:24.848 INFO  (qtp434176574-19) [   ] o.a.s.s.SolrDispatchFilter [admin] webapp=null path=/admin/info/properties params={wt=json&_=1486809024845} status=0 QTime=0 
2017-02-11 10:30:56.537 INFO  (qtp434176574-12) [   x:reindex] o.a.s.u.p.LogUpdateProcessor [reindex] webapp=/solr path=/update params={wt=javabin&version=2} {deleteByQuery=namespace:("d")} 0 119
2017-02-11 10:30:56.583 INFO  (qtp434176574-15) [   x:reindex] o.a.s.u.UpdateHandler start commit{,optimize=false,openSearcher=true,waitSearcher=true,expungeDeletes=false,softCommit=false,prepareCommit=false}
2017-02-11 10:30:56.648 INFO  (qtp434176574-15) [   x:reindex] o.a.s.c.SolrCore SolrDeletionPolicy.onCommit: commits: num=2
	commit{dir=/home/prakash/apps/solrhome/reindex/data/index,segFN=segments_1,generation=1}
	commit{dir=/home/prakash/apps/solrhome/reindex/data/index,segFN=segments_2,generation=2}
2017-02-11 10:30:56.648 INFO  (qtp434176574-15) [   x:reindex] o.a.s.c.SolrCore newest commit generation = 2
2017-02-11 10:30:56.649 INFO  (qtp434176574-15) [   x:reindex] o.a.s.s.SolrIndexSearcher Opening Searcher@42f5f576[reindex] main
2017-02-11 10:30:56.651 INFO  (qtp434176574-15) [   x:reindex] o.a.s.u.UpdateHandler end_commit_flush
2017-02-11 10:30:56.651 INFO  (searcherExecutor-8-thread-1-processing-x:reindex) [   x:reindex] o.a.s.c.SolrCore QuerySenderListener sending requests to Searcher@42f5f576[reindex] main{ExitableDirectoryReader(UninvertingDirectoryReader())}
2017-02-11 10:30:56.651 INFO  (searcherExecutor-8-thread-1-processing-x:reindex) [   x:reindex] o.a.s.c.SolrCore [reindex] Registered new searcher Searcher@42f5f576[reindex] main{ExitableDirectoryReader(UninvertingDirectoryReader())}
2017-02-11 10:30:56.652 INFO  (qtp434176574-15) [   x:reindex] o.a.s.u.p.LogUpdateProcessor [reindex] webapp=/solr path=/update params={waitSearcher=true&commit=true&softCommit=false&wt=javabin&version=2} {commit=} 0 69
2017-02-11 10:30:58.127 INFO  (qtp434176574-18) [   x:reindex] o.a.s.u.p.LogUpdateProcessor [reindex] webapp=/solr path=/update params={wt=javabin&version=2} {add=[f3817639-66f0-4f83-aba9-7cf8f8271071, 718a3510-6b89-463a-aec9-74f7a72b2930, 195ef5f3-060b-4707-b13e-84355174c860, 8b078032-a656-4a31-b16c-f9797efcdb4e, 7d236cc1-738b-4f17-8473-b4a69cad115b, 5c515983-b091-4e24-8140-fc4bc950867a, aab61290-9fe6-4223-82e4-c285c5bc73ed, 4ba88406-92a6-456c-9359-31a72333840f, e8c669d1-27d8-42c5-88ab-805d6b8b55d0, 8af2e56a-9122-417b-aa44-52430668de56, ... (27 adds)]} 0 262
2017-02-11 10:30:58.131 INFO  (qtp434176574-16) [   x:reindex] o.a.s.u.UpdateHandler start commit{,optimize=false,openSearcher=true,waitSearcher=true,expungeDeletes=false,softCommit=false,prepareCommit=false}
2017-02-11 10:30:58.867 INFO  (qtp434176574-16) [   x:reindex] o.a.s.c.SolrCore SolrDeletionPolicy.onCommit: commits: num=2
	commit{dir=/home/prakash/apps/solrhome/reindex/data/index,segFN=segments_2,generation=2}
	commit{dir=/home/prakash/apps/solrhome/reindex/data/index,segFN=segments_3,generation=3}
2017-02-11 10:30:58.867 INFO  (qtp434176574-16) [   x:reindex] o.a.s.c.SolrCore newest commit generation = 3
2017-02-11 10:30:58.914 INFO  (qtp434176574-16) [   x:reindex] o.a.s.s.SolrIndexSearcher Opening Searcher@65ab4be4[reindex] main
2017-02-11 10:30:58.915 INFO  (qtp434176574-16) [   x:reindex] o.a.s.u.UpdateHandler end_commit_flush
2017-02-11 10:30:58.916 INFO  (searcherExecutor-8-thread-1-processing-x:reindex) [   x:reindex] o.a.s.c.SolrCore QuerySenderListener sending requests to Searcher@65ab4be4[reindex] main{ExitableDirectoryReader(UninvertingDirectoryReader(Uninverting(_0(5.3.1):C27)))}
2017-02-11 10:30:58.916 INFO  (searcherExecutor-8-thread-1-processing-x:reindex) [   x:reindex] o.a.s.c.SolrCore [reindex] Registered new searcher Searcher@65ab4be4[reindex] main{ExitableDirectoryReader(UninvertingDirectoryReader(Uninverting(_0(5.3.1):C27)))}
2017-02-11 10:30:58.916 INFO  (qtp434176574-16) [   x:reindex] o.a.s.u.p.LogUpdateProcessor [reindex] webapp=/solr path=/update params={waitSearcher=true&commit=true&softCommit=false&wt=javabin&version=2} {commit=} 0 784
2017-02-11 10:30:58.933 INFO  (qtp434176574-13) [   x:reindex] o.a.s.u.UpdateHandler start commit{,optimize=true,openSearcher=true,waitSearcher=true,expungeDeletes=false,softCommit=false,prepareCommit=false}
2017-02-11 10:30:58.934 INFO  (qtp434176574-13) [   x:reindex] o.a.s.u.UpdateHandler No uncommitted changes. Skipping IW.commit.
2017-02-11 10:30:58.934 INFO  (qtp434176574-13) [   x:reindex] o.a.s.c.SolrCore SolrIndexSearcher has not changed - not re-opening: org.apache.solr.search.SolrIndexSearcher
2017-02-11 10:30:58.935 INFO  (qtp434176574-13) [   x:reindex] o.a.s.u.UpdateHandler end_commit_flush
2017-02-11 10:30:58.935 INFO  (qtp434176574-13) [   x:reindex] o.a.s.u.p.LogUpdateProcessor [reindex] webapp=/solr path=/update params={optimize=true&maxSegments=1&waitSearcher=true&wt=javabin&version=2} {optimize=} 0 1
2017-02-11 10:30:58.953 INFO  (qtp434176574-14) [   ] o.a.s.c.CoreContainer swapped: primary with reindex
2017-02-11 10:30:58.953 INFO  (qtp434176574-14) [   ] o.a.s.s.SolrDispatchFilter [admin] webapp=null path=/admin/cores params={core=primary&other=reindex&action=SWAP&indexInfo=true&wt=javabin&version=2} status=0 QTime=11 
2017-02-11 10:31:07.823 INFO  (qtp434176574-18) [   x:primary] o.a.s.c.S.Request [primary] webapp=/solr path=/select params={fl=productId&start=0&collection=primary&fq=category:("2001")&fq=namespace:("d")&sort=category_2001_sort+asc,score+desc&rows=15&version=2&q=*:*&defType=edismax&qf=mfg_t+mfg_s+en_name_t+model_t+en_desc_t+en_ldesc_t&facet=true&wt=javabin&debugQuery=true} hits=4 status=0 QTime=142 
2017-02-11 12:12:06.917 INFO  (Thread-0) [   ] o.e.j.s.ServerConnector Stopped ServerConnector@4b9edc66{HTTP/1.1}{0.0.0.0:8983}
2017-02-11 12:12:11.230 INFO  (Thread-0) [   ] o.a.s.c.CoreContainer Shutting down CoreContainer instance=1165303897
2017-02-11 12:12:11.854 INFO  (Thread-0) [   x:reindex] o.a.s.c.SolrCore [reindex]  CLOSING SolrCore org.apache.solr.core.SolrCore@6ae7001f
2017-02-11 12:12:13.324 INFO  (Thread-0) [   x:reindex] o.a.s.u.UpdateHandler closing DirectUpdateHandler2{commits=0,autocommits=0,soft autocommits=0,optimizes=0,rollbacks=0,expungeDeletes=0,docsPending=0,adds=0,deletesById=0,deletesByQuery=0,errors=0,cumulative_adds=0,cumulative_deletesById=0,cumulative_deletesByQuery=0,cumulative_errors=0}
2017-02-11 12:12:13.409 INFO  (Thread-0) [   x:reindex] o.a.s.u.SolrCoreState Closing SolrCoreState
2017-02-11 12:12:13.419 INFO  (Thread-0) [   x:reindex] o.a.s.u.DefaultSolrCoreState SolrCoreState ref count has reached 0 - closing IndexWriter
2017-02-11 12:12:13.428 INFO  (Thread-0) [   x:reindex] o.a.s.u.DefaultSolrCoreState closing IndexWriter with IndexWriterCloser
2017-02-11 12:12:15.175 INFO  (Thread-0) [   x:reindex] o.a.s.c.SolrCore [reindex] Closing main searcher on request.
2017-02-11 12:12:15.780 INFO  (Thread-0) [   x:reindex] o.a.s.c.CachingDirectoryFactory Closing StandardDirectoryFactory - 2 directories currently being tracked
2017-02-11 12:12:15.887 INFO  (Thread-0) [   x:reindex] o.a.s.c.CachingDirectoryFactory looking to close /home/prakash/apps/solrhome/primary/data [CachedDir<<refCount=0;path=/home/prakash/apps/solrhome/primary/data;done=false>>]
2017-02-11 12:12:15.887 INFO  (Thread-0) [   x:reindex] o.a.s.c.CachingDirectoryFactory Closing directory: /home/prakash/apps/solrhome/primary/data
2017-02-11 12:12:15.888 INFO  (Thread-0) [   x:reindex] o.a.s.c.CachingDirectoryFactory looking to close /home/prakash/apps/solrhome/primary/data/index [CachedDir<<refCount=0;path=/home/prakash/apps/solrhome/primary/data/index;done=false>>]
2017-02-11 12:12:15.888 INFO  (Thread-0) [   x:reindex] o.a.s.c.CachingDirectoryFactory Closing directory: /home/prakash/apps/solrhome/primary/data/index
2017-02-11 12:12:15.932 INFO  (Thread-0) [   x:primary] o.a.s.c.SolrCore [primary]  CLOSING SolrCore org.apache.solr.core.SolrCore@1f2a4c5c
2017-02-11 12:12:16.245 INFO  (Thread-0) [   x:primary] o.a.s.u.UpdateHandler closing DirectUpdateHandler2{commits=2,autocommits=0,soft autocommits=0,optimizes=1,rollbacks=0,expungeDeletes=0,docsPending=0,adds=0,deletesById=0,deletesByQuery=0,errors=0,cumulative_adds=27,cumulative_deletesById=0,cumulative_deletesByQuery=1,cumulative_errors=0}
2017-02-11 12:12:16.257 INFO  (Thread-0) [   x:primary] o.a.s.u.SolrCoreState Closing SolrCoreState
2017-02-11 12:12:16.257 INFO  (Thread-0) [   x:primary] o.a.s.u.DefaultSolrCoreState SolrCoreState ref count has reached 0 - closing IndexWriter
2017-02-11 12:12:16.257 INFO  (Thread-0) [   x:primary] o.a.s.u.DefaultSolrCoreState closing IndexWriter with IndexWriterCloser
2017-02-11 12:12:17.168 INFO  (Thread-0) [   x:primary] o.a.s.c.SolrCore [primary] Closing main searcher on request.
2017-02-11 12:12:18.364 INFO  (Thread-0) [   x:primary] o.a.s.c.CachingDirectoryFactory Closing StandardDirectoryFactory - 2 directories currently being tracked
2017-02-11 12:12:18.450 INFO  (Thread-0) [   x:primary] o.a.s.c.CachingDirectoryFactory looking to close /home/prakash/apps/solrhome/reindex/data/index [CachedDir<<refCount=0;path=/home/prakash/apps/solrhome/reindex/data/index;done=false>>]
2017-02-11 12:12:18.450 INFO  (Thread-0) [   x:primary] o.a.s.c.CachingDirectoryFactory Closing directory: /home/prakash/apps/solrhome/reindex/data/index
2017-02-11 12:12:18.450 INFO  (Thread-0) [   x:primary] o.a.s.c.CachingDirectoryFactory looking to close /home/prakash/apps/solrhome/reindex/data [CachedDir<<refCount=0;path=/home/prakash/apps/solrhome/reindex/data;done=false>>]
2017-02-11 12:12:18.450 INFO  (Thread-0) [   x:primary] o.a.s.c.CachingDirectoryFactory Closing directory: /home/prakash/apps/solrhome/reindex/data
2017-02-11 12:12:22.730 INFO  (Thread-0) [   x:primary] o.e.j.s.h.ContextHandler Stopped o.e.j.w.WebAppContext@146ba0ac{/solr,file:/home/prakash/apps/solr-5.3.1/server/solr-webapp/webapp/,UNAVAILABLE}{/home/prakash/apps/solr-5.3.1/server/solr-webapp/webapp}
